51.1	[0.22356706 0.75864302 0.46872123]
52.3	[0.73502046 0.0136401  0.35119818]
50.35	[0.57877379 0.36135496 0.04243137]
50.45	[0.24236413 0.05935236 0.12151405]
55.8	[0.99999923 0.18255577 0.06168962]
47.2	[0.18603911 0.98448411 0.37194427]
50.25	[0.09684092 0.04476947 0.44358306]
53.55	[0.54532336 0.52832762 0.49826845]
53.2	[5.48364667e-01 7.08033225e-03 3.24514426e-05]
50.8	[0.22332781 0.8792166  0.30821105]
51.900000000000006	[0.40946089 0.34224546 0.39787955]
52.0	[0.39029327 0.25928849 0.45210557]
50.150000000000006	[0.24666185 0.24861477 0.06396397]
47.9	[0.13810571 0.73232377 0.00859984]
54.8	[0.9986202  0.69158968 0.41964962]
48.45	[0.30624729 0.92434003 0.49042116]
52.35	[0.7134054  0.29582452 0.00854028]
49.650000000000006	[0.71011181 0.94488765 0.12686988]
50.7	[0.79732723 0.82993431 0.00135156]
50.35	[0.37799364 0.94486668 0.08469259]
