1000	[20.01729937 32.37643079  8.39166406]
1000	[22.76223792 18.71830544  6.43426839]
68.75	[23.2008555  21.81197165 10.76702732]
1000	[20.48546907 25.6624928  12.94925141]
1000	[27.04324297 23.21839231  7.35259156]
1000	[22.27836467 24.40234588  6.57895725]
1000	[20.01900752 30.63956705 11.7067331 ]
1000	[21.34840589 23.63703699 13.18917577]
1000	[27.18286502 23.69410252  5.12432265]
1000	[25.17002871 18.92330088  9.360745  ]
1000	[25.59666617 27.63829551  5.07114606]
1000	[31.07673314 22.15268994 13.69384766]
1000	[23.44595287 23.63311076  8.46772582]
1000	[28.45761305 16.95678971  6.04671976]
1000	[26.70784657 19.52305793  5.93046576]
1000	[23.68464733 21.01019855  7.8908918 ]
1000	[27.53145165 24.07524296  5.20785852]
1000	[24.67460594 21.63277788  5.61849286]
1000	[26.77251533 23.25082256  5.84696991]
1000	[22.83551687 20.20440357  9.60483317]
1000	[28.56388035 25.71815315  6.53297821]
1000	[22.73155142 20.02963055 11.04120213]
1000	[22.69320662 23.2823106   5.13005112]
1000	[27.77231713 22.74861413  5.76199433]
1000	[26.62135176 25.45243261  8.69959819]
1000	[23.54046629 22.56323355  8.84118224]
1000	[27.02693075 21.75985579  7.74790167]
71.15	[29.01795774 22.13363389 10.15252874]
1000	[28.94337626 25.6278513   9.5359452 ]
1000	[27.91113618 20.04368801  7.51060059]
1000	[31.59087268 23.81793428  5.04311528]
1000	[32.10704554 22.53685696 11.58305767]
1000	[24.06419753 24.85854261  6.88510847]
1000	[26.86957048 22.61418205  9.22924795]
1000	[28.26895327 25.25444728  8.04449851]
1000	[28.31272554 23.32859497  5.41867872]
1000	[25.04209352 25.62468322 11.06480682]
1000	[29.90849262 23.81195635  7.36024604]
1000	[21.06179967 24.82330501  5.31816672]
1000	[25.86470333 28.34796146  7.96047804]
1000	[25.12023901 22.52224831  9.90834983]
1000	[23.50185315 25.68668752 11.12324503]
1000	[24.66636779 26.78892675 10.34546262]
1000	[23.74408534 23.79617823 10.75875113]
1000	[27.05432881 24.61546878  9.72683653]
1000	[26.26809767 23.96010488 11.58300305]
1000	[24.38713575 20.52371307 10.87674909]
1000	[29.65619701 22.73067247  9.83043774]
68.7	[23.08793608 24.81023259 10.33846071]
1000	[28.29436458 21.24714062 10.52775342]
1000	[26.69226341 26.84513849 11.74000334]
1000	[28.74328347 21.27888818 10.48877598]
1000	[22.89702624 26.21976747 10.11382161]
1000	[23.15483054 26.17943169 10.10625645]
1000	[23.36641401 25.04872608 12.17478368]
1000	[25.7731376  23.37486086 12.44158898]
1000	[21.28192445 26.94945422  8.04628234]
1000	[20.1337253  27.49880419  8.48072998]
1000	[23.72981936 24.62053712  8.56720021]
1000	[24.72351867 25.53582278 11.14085324]
1000	[20.01440958 27.7330828   7.10285015]
1000	[20.09820734 28.78876037  8.48666494]
1000	[20.03768371 28.16539241  7.28073824]
1000	[21.627195   28.53068366  6.32516137]
1000	[23.9728136  26.46617737  9.18005444]
1000	[21.86477198 26.56148823 13.37585932]
1000	[20.78083027 28.04222034  8.06605166]
1000	[22.43335819 26.42862449  5.02059401]
1000	[21.33180823 27.55049966 11.99813285]
1000	[20.224842   27.75624588  9.95361642]
1000	[25.27434178 27.86529828 11.77793591]
1000	[23.24048754 27.24943201  9.69913364]
1000	[21.37516354 26.82620318 11.90035582]
1000	[22.74963929 26.03714705 14.68006616]
1000	[20.48862365 28.21775419 13.55455355]
1000	[20.10918456 30.32800481 10.81170718]
1000	[23.72908025 24.62112386 13.05474659]
1000	[20.49160069 27.06151433 12.93468905]
1000	[22.79392898 23.2184144  14.90789338]
1000	[22.09057734 26.13780978 12.19264431]
1000	[22.62831964 25.63290985 13.30448877]
1000	[25.83756082 24.9346033  14.31659395]
1000	[21.20761819 26.19541214 14.15044895]
1000	[21.3866728  24.99738018 12.32098484]
1000	[24.94469549 25.59781826 14.2137854 ]
1000	[22.0377791  24.63425075 14.52207464]
1000	[23.74081318 25.49012603 12.05385314]
1000	[23.04581872 25.50185668 14.01612978]
1000	[24.58640283 25.40341476 13.76975223]
1000	[22.68946343 27.37281815 14.9218138 ]
1000	[23.5010207  26.64821814 12.50582251]
1000	[24.83241589 25.47195276 13.66089629]
1000	[23.75790906 25.72626028 14.61551222]
1000	[23.47820325 24.36893408 13.80346385]
1000	[23.41398167 26.81243707 13.59213827]
1000	[25.8585239  26.33148594 14.02492212]
1000	[22.82370863 25.1702373  14.50451109]
1000	[23.65567717 25.29048736 14.02664821]
1000	[21.80611284 26.50156424 13.29364605]
1000	[23.4745278  26.60232732 14.48930592]
1000	[23.21781913 24.03903924 14.41812125]
1000	[21.89108879 25.39613601 14.17620767]
1000	[24.34807451 24.22984013 14.75080305]
1000	[22.32306984 24.88391825 14.41969234]
1000	[23.62156519 24.61467767 14.37651792]
1000	[23.34746748 25.83293541 13.03751798]
1000	[22.95837807 26.03119841 13.74528415]
1000	[23.65006392 24.49213346 14.98095422]
1000	[23.34130975 24.79192946 13.7405869 ]
1000	[22.52922514 25.31174134 12.49575872]
1000	[21.77914997 24.63562884 13.02070344]
1000	[24.5940233  25.26677356 14.94548781]
1000	[22.67363791 24.68875639 12.87263609]
1000	[21.91980341 25.12373835 13.15758087]
1000	[24.10493338 24.460688   14.17066541]
1000	[23.19856708 24.52398715 13.83790696]
1000	[22.50971546 25.1436828  12.58733521]
1000	[23.34460068 25.1554589  14.04421175]
1000	[22.39976799 24.66683246 13.64293103]
1000	[22.27669733 24.86614177 13.57918776]
1000	[22.92252878 25.05378924 12.22189685]
1000	[22.78040143 25.23675298 12.26447521]
1000	[23.42014147 25.09490913 12.54219897]
1000	[23.56586099 25.84230664 12.39676483]
1000	[22.47674887 24.76359647 12.45304815]
1000	[23.09116332 24.88039467 13.05382296]
1000	[23.58594162 25.34660287 11.36522364]
1000	[23.25624061 24.9501675  13.23904388]
1000	[22.51676864 24.81744472 12.34662874]
1000	[22.95580686 25.36797139 12.46813755]
1000	[22.48195287 24.7193935  12.16672656]
1000	[23.17270978 25.00683691 13.01440448]
1000	[22.49236387 24.88300039 12.28533967]
1000	[22.24678533 25.57709042 11.97266896]
1000	[21.95126542 24.76101271 11.93713853]
1000	[22.71487375 24.79508639 12.56230545]
1000	[22.33214536 25.14910089 12.03222636]
1000	[22.57096043 24.77198077 12.05071978]
1000	[22.42206474 25.18703267 11.70036993]
1000	[22.97905126 24.75598683 12.57202609]
1000	[21.59948393 25.45847873 11.52876445]
1000	[22.24561693 25.10083672 11.97184164]
1000	[22.28744498 25.2957909  11.94073074]
1000	[22.95843713 25.0520608  12.34235172]
1000	[21.14649785 25.41162511 11.30903176]
1000	[21.6324771  25.51513756 11.80367963]
1000	[21.09417115 25.13756394 10.4318733 ]
1000	[21.963589   25.69712105 11.88081467]
1000	[21.00460398 25.12321478 11.14062293]
1000	[22.07904352 25.59924927 11.2728346 ]
1000	[21.53663235 24.87798465 11.43000284]
1000	[20.38637065 25.10189655 10.95272141]
1000	[21.62881153 25.35073476 11.35093843]
1000	[20.70890339 25.30880824 10.10633066]
1000	[21.53443238 24.96966118 12.10022697]
1000	[22.14929501 24.8356821  11.8204768 ]
1000	[20.80327817 25.60948744 10.64868112]
1000	[21.07685238 25.40508164  9.97310845]
1000	[21.8717327  25.22050506 11.59553834]
1000	[21.40650168 24.42311791 10.62358347]
1000	[20.87713288 26.2347862  10.86634698]
1000	[21.11762481 25.7257759  10.22073772]
1000	[22.42510863 25.35260827 10.89171806]
1000	[22.05699973 25.12386078 11.46522236]
1000	[20.36615943 26.40239751 10.17074169]
1000	[20.372634   26.06222022 11.25828272]
1000	[21.04953558 25.61590965 11.05490235]
1000	[21.36751542 25.8463769  11.94850664]
1000	[20.23172155 26.50002345  9.69619969]
1000	[20.5366756  26.54108011 10.24417165]
1000	[20.68287827 27.51449911  9.96930823]
1000	[20.65861286 25.75975094 11.58923464]
1000	[20.09624734 27.12598232  8.5103308 ]
1000	[20.21218526 26.6231176  10.10668511]
1000	[20.07850595 26.71213441  9.75185081]
1000	[20.04880432 27.62195159  8.76173655]
1000	[20.42164812 25.91361502  9.86473266]
1000	[20.16932904 27.39015093  9.45981392]
1000	[20.14939724 27.14200837  8.46478962]
1000	[20.60233107 25.82869117  8.11848712]
1000	[20.1898103  26.66177768 10.05516234]
1000	[20.06674786 26.97241023  8.79126451]
1000	[20.46731348 25.91182778  9.6580554 ]
1000	[20.579631   26.28296378  9.45476552]
1000	[20.01993336 26.64242288 10.13831322]
1000	[20.00026436 26.32289326 10.67897505]
1000	[20.00295473 27.21634695  9.4744175 ]
1000	[20.01601869 27.3671022   9.41285639]
1000	[20.28801757 25.93535599 10.6389827 ]
1000	[20.02420731 26.72289678  8.706523  ]
1000	[20.00592694 27.39934834 10.20946694]
1000	[20.05937545 27.08362077  9.30638992]
1000	[20.76524882 25.50225325 11.35389004]
1000	[20.45519772 25.99502628 10.62498969]
1000	[20.35507672 26.09502624 11.12800557]
1000	[20.42818158 25.86886948 10.4672649 ]
1000	[20.41381403 25.81947276 11.0044147 ]
1000	[20.10847525 25.78556135 10.38556128]
1000	[20.46230239 26.092145   10.72322346]
1000	[20.40635642 24.90932237 11.65467396]
1000	[20.44552601 26.11093592 10.69144252]
1000	[20.9530295  25.54842601 12.76338376]
1000	[20.25318772 25.63732489 11.72045467]
1000	[20.0999255  25.07959847 11.43957358]
1000	[20.88068409 26.58170094 10.6564184 ]
1000	[20.44284859 25.73868455 11.30586236]
1000	[20.6359247  25.67343228 11.010922  ]
1000	[20.27140608 25.37534207 10.2926628 ]
1000	[21.06453824 26.86020367 11.3542358 ]
1000	[20.89717253 26.21217676 10.34200473]
1000	[20.21896665 27.42049552 10.55639617]
1000	[20.35404035 26.98691482 11.07393807]
1000	[21.62485816 26.16298813 10.86566894]
1000	[21.87168048 26.77007974 11.25168614]
1000	[20.06152202 27.44422339  9.98755909]
1000	[20.62793227 26.57608222  9.6771322 ]
1000	[22.03901639 26.40783542 12.12610477]
1000	[22.34549499 26.67263025 11.59882547]
1000	[21.42169127 26.79318863 10.03103401]
1000	[20.23402308 26.50547139 10.91956887]
1000	[23.09193705 26.33149774 12.03528341]
1000	[22.57518221 26.82183935 12.42730937]
1000	[22.04008637 25.2149732  13.42020378]
1000	[22.30839262 27.17815893 11.95882804]
