(2_w,4mirr1)-aCMA-ES (mu_w=1.5,w_1=80%) in dimension 3 (seed=598316, Fri Nov 27 22:02:38 2020)
RUNNING: 
HYPERPARAMETER VALUES: num_mel_bins = 140, frame_length = 33, frame_shift = 5



RUNNING: -dup
HYPERPARAMETER VALUES: num_mel_bins = 115, frame_length = 21, frame_shift = 14



2020-11-27T22:02:38 (asr.sh:214:main) ./asr.sh --lang en --use_lm false --token_type char --nbpe 80 --nlsyms_txt data/nlsyms.txt --lm_config conf/train_lm_transformer.yaml --asr_config conf/train_asr_transformer.yaml --inference_config conf/decode.yaml --train_set train_si84 --valid_set test_dev93 --test_sets test_dev93 test_eval92 --bpe_train_text data/train_si284/text --lm_train_text data/train_si284/text data/local/other_text/text --ngpu 1 --feats_type fbank_pitch
2020-11-27T22:02:38 (asr.sh:214:main) ./asr.sh --lang en --use_lm false --token_type char --nbpe 80 --nlsyms_txt data/nlsyms.txt --lm_config conf/train_lm_transformer.yaml --asr_config conf/train_asr_transformer.yaml --inference_config conf/decode.yaml --train_set train_si84 --valid_set test_dev93 --test_sets test_dev93 test_eval92 --bpe_train_text data/train_si284/text --lm_train_text data/train_si284/text data/local/other_text/text --ngpu 1 --feats_type fbank_pitch
2020-11-27T22:02:39 (asr.sh:364:main) Stage 1: Data preparation for data/train_si84, data/test_dev93, etc.
2020-11-27T22:02:39 (asr.sh:364:main) Stage 1: Data preparation for data/train_si84, data/test_dev93, etc.
2020-11-27T22:02:39 (data.sh:37:main) local/wsj_data_prep.sh /afs/cs.pitt.edu/usr0/ras306/Classwork/Project/csr_1/??-{?,??}.? /afs/cs.pitt.edu/usr0/ras306/Classwork/Project/csr_2/??-{?,??}.?
2020-11-27T22:02:39 (data.sh:37:main) local/wsj_data_prep.sh /afs/cs.pitt.edu/usr0/ras306/Classwork/Project/csr_1/??-{?,??}.? /afs/cs.pitt.edu/usr0/ras306/Classwork/Project/csr_2/??-{?,??}.?
Data preparation succeeded
2020-11-27T22:03:01 (data.sh:39:main) local/wsj_format_data.sh
local/wsj_format_data.sh 
Data preparation succeeded
2020-11-27T22:03:01 (data.sh:39:main) local/wsj_format_data.sh
local/wsj_format_data.sh 
Preparing train and test data
Preparing train and test data
Succeeded in formatting data.
2020-11-27T22:03:04 (data.sh:43:main) Prepare text from lng_modl dir: /afs/cs.pitt.edu/usr0/ras306/Classwork/Project/csr_2/13-32.1/wsj1/doc/lng_modl/lm_train/np_data/{87,88,89}/*.z -> data/local/other_text/text
Succeeded in formatting data.
2020-11-27T22:03:04 (data.sh:43:main) Prepare text from lng_modl dir: /afs/cs.pitt.edu/usr0/ras306/Classwork/Project/csr_2/13-32.1/wsj1/doc/lng_modl/lm_train/np_data/{87,88,89}/*.z -> data/local/other_text/text
2020-11-27T22:03:47 (data.sh:53:main) Create non linguistic symbols: data/nlsyms.txt
2020-11-27T22:03:47 (data.sh:53:main) Create non linguistic symbols: data/nlsyms.txt
<*IN*>
<*MR.*>
<NOISE>
2020-11-27T22:03:47 (asr.sh:383:main) Skip stage 2: Speed perturbation
2020-11-27T22:03:47 (asr.sh:429:main) [Require Kaldi] Stage 3: fbank_pitch extract: data/ -> dump/fbank_pitch
<*IN*>
<*MR.*>
<NOISE>
2020-11-27T22:03:47 (asr.sh:383:main) Skip stage 2: Speed perturbation
2020-11-27T22:03:47 (asr.sh:429:main) [Require Kaldi] Stage 3: fbank_pitch extract: data/ -> dump/fbank_pitch
utils/copy_data_dir.sh: copied data from data/train_si84 to dump/fbank_pitch/org/train_si84
utils/copy_data_dir.sh: copied data from data/train_si84 to dump/fbank_pitch/org/train_si84
utils/validate_data_dir.sh: Successfully validated data-directory dump/fbank_pitch/org/train_si84
steps/make_fbank_pitch.sh --nj 32 --cmd run.pl dump/fbank_pitch/org/train_si84
utils/validate_data_dir.sh: Successfully validated data-directory dump/fbank_pitch/org/train_si84
steps/make_fbank_pitch.sh --nj 32 --cmd run.pl dump/fbank_pitch/org/train_si84
utils/validate_data_dir.sh: Successfully validated data-directory dump/fbank_pitch/org/train_si84
utils/validate_data_dir.sh: Successfully validated data-directory dump/fbank_pitch/org/train_si84
steps/make_fbank_pitch.sh: [info]: no segments file exists: assuming wav.scp indexed by utterance.
steps/make_fbank_pitch.sh: [info]: no segments file exists: assuming wav.scp indexed by utterance.
run.pl: 32 / 32 failed, log is in dump/fbank_pitch/org/train_si84/log/make_fbank_pitch_train_si84.*.log

Failed a run
RUNNING: 
HYPERPARAMETER VALUES: num_mel_bins = 35, frame_length = 20, frame_shift = 10



2020-11-27T22:03:57 (asr.sh:214:main) ./asr.sh --lang en --use_lm false --token_type char --nbpe 80 --nlsyms_txt data/nlsyms.txt --lm_config conf/train_lm_transformer.yaml --asr_config conf/train_asr_transformer.yaml --inference_config conf/decode.yaml --train_set train_si84 --valid_set test_dev93 --test_sets test_dev93 test_eval92 --bpe_train_text data/train_si284/text --lm_train_text data/train_si284/text data/local/other_text/text --ngpu 1 --feats_type fbank_pitch
2020-11-27T22:04:03 (asr.sh:364:main) Stage 1: Data preparation for data/train_si84, data/test_dev93, etc.
2020-11-27T22:04:04 (data.sh:37:main) local/wsj_data_prep.sh /afs/cs.pitt.edu/usr0/ras306/Classwork/Project/csr_1/??-{?,??}.? /afs/cs.pitt.edu/usr0/ras306/Classwork/Project/csr_2/??-{?,??}.?
run.pl: 32 / 32 failed, log is in dump/fbank_pitch/org/train_si84/log/make_fbank_pitch_train_si84.*.log

Failed a run
RUNNING: -dup
HYPERPARAMETER VALUES: num_mel_bins = 155, frame_length = 33, frame_shift = 10



2020-11-27T22:04:48 (asr.sh:214:main) ./asr.sh --lang en --use_lm false --token_type char --nbpe 80 --nlsyms_txt data/nlsyms.txt --lm_config conf/train_lm_transformer.yaml --asr_config conf/train_asr_transformer.yaml --inference_config conf/decode.yaml --train_set train_si84 --valid_set test_dev93 --test_sets test_dev93 test_eval92 --bpe_train_text data/train_si284/text --lm_train_text data/train_si284/text data/local/other_text/text --ngpu 1 --feats_type fbank_pitch
2020-11-27T22:04:49 (asr.sh:364:main) Stage 1: Data preparation for data/train_si84, data/test_dev93, etc.
2020-11-27T22:04:49 (data.sh:37:main) local/wsj_data_prep.sh /afs/cs.pitt.edu/usr0/ras306/Classwork/Project/csr_1/??-{?,??}.? /afs/cs.pitt.edu/usr0/ras306/Classwork/Project/csr_2/??-{?,??}.?
Data preparation succeeded
2020-11-27T22:05:10 (data.sh:39:main) local/wsj_format_data.sh
local/wsj_format_data.sh 
Data preparation succeeded
2020-11-27T22:05:10 (data.sh:39:main) local/wsj_format_data.sh
local/wsj_format_data.sh 
Preparing train and test data
Preparing train and test data
Succeeded in formatting data.
2020-11-27T22:05:12 (data.sh:43:main) Prepare text from lng_modl dir: /afs/cs.pitt.edu/usr0/ras306/Classwork/Project/csr_2/13-32.1/wsj1/doc/lng_modl/lm_train/np_data/{87,88,89}/*.z -> data/local/other_text/text
Succeeded in formatting data.
2020-11-27T22:05:12 (data.sh:43:main) Prepare text from lng_modl dir: /afs/cs.pitt.edu/usr0/ras306/Classwork/Project/csr_2/13-32.1/wsj1/doc/lng_modl/lm_train/np_data/{87,88,89}/*.z -> data/local/other_text/text
2020-11-27T22:05:55 (data.sh:53:main) Create non linguistic symbols: data/nlsyms.txt
2020-11-27T22:05:55 (data.sh:53:main) Create non linguistic symbols: data/nlsyms.txt
<*IN*>
<*MR.*>
<NOISE>
2020-11-27T22:05:55 (asr.sh:383:main) Skip stage 2: Speed perturbation
2020-11-27T22:05:55 (asr.sh:429:main) [Require Kaldi] Stage 3: fbank_pitch extract: data/ -> dump/fbank_pitch
<*IN*>
<*MR.*>
<NOISE>
2020-11-27T22:05:55 (asr.sh:383:main) Skip stage 2: Speed perturbation
2020-11-27T22:05:55 (asr.sh:429:main) [Require Kaldi] Stage 3: fbank_pitch extract: data/ -> dump/fbank_pitch
utils/copy_data_dir.sh: copied data from data/train_si84 to dump/fbank_pitch/org/train_si84
utils/copy_data_dir.sh: copied data from data/train_si84 to dump/fbank_pitch/org/train_si84
utils/validate_data_dir.sh: Successfully validated data-directory dump/fbank_pitch/org/train_si84
steps/make_fbank_pitch.sh --nj 32 --cmd run.pl dump/fbank_pitch/org/train_si84
utils/validate_data_dir.sh: Successfully validated data-directory dump/fbank_pitch/org/train_si84
steps/make_fbank_pitch.sh --nj 32 --cmd run.pl dump/fbank_pitch/org/train_si84
utils/validate_data_dir.sh: Successfully validated data-directory dump/fbank_pitch/org/train_si84
utils/validate_data_dir.sh: Successfully validated data-directory dump/fbank_pitch/org/train_si84
steps/make_fbank_pitch.sh: [info]: no segments file exists: assuming wav.scp indexed by utterance.
steps/make_fbank_pitch.sh: [info]: no segments file exists: assuming wav.scp indexed by utterance.
run.pl: 32 / 32 failed, log is in dump/fbank_pitch/org/train_si84/log/make_fbank_pitch_train_si84.*.log

Failed a run
RUNNING: -dup
HYPERPARAMETER VALUES: num_mel_bins = 95, frame_length = 16, frame_shift = 11



2020-11-27T22:06:03 (asr.sh:214:main) ./asr.sh --lang en --use_lm false --token_type char --nbpe 80 --nlsyms_txt data/nlsyms.txt --lm_config conf/train_lm_transformer.yaml --asr_config conf/train_asr_transformer.yaml --inference_config conf/decode.yaml --train_set train_si84 --valid_set test_dev93 --test_sets test_dev93 test_eval92 --bpe_train_text data/train_si284/text --lm_train_text data/train_si284/text data/local/other_text/text --ngpu 1 --feats_type fbank_pitch
2020-11-27T22:06:09 (asr.sh:364:main) Stage 1: Data preparation for data/train_si84, data/test_dev93, etc.
2020-11-27T22:06:10 (data.sh:37:main) local/wsj_data_prep.sh /afs/cs.pitt.edu/usr0/ras306/Classwork/Project/csr_1/??-{?,??}.? /afs/cs.pitt.edu/usr0/ras306/Classwork/Project/csr_2/??-{?,??}.?
steps/make_fbank_pitch.sh: Succeeded creating filterbank and pitch features for train_si84
fix_data_dir.sh: kept all 7138 utterances.
fix_data_dir.sh: old files are kept in dump/fbank_pitch/org/train_si84/.backup
utils/copy_data_dir.sh: copied data from data/test_dev93 to dump/fbank_pitch/org/test_dev93
utils/validate_data_dir.sh: Successfully validated data-directory dump/fbank_pitch/org/test_dev93
steps/make_fbank_pitch.sh --nj 32 --cmd run.pl dump/fbank_pitch/org/test_dev93
utils/validate_data_dir.sh: Successfully validated data-directory dump/fbank_pitch/org/test_dev93
steps/make_fbank_pitch.sh: [info]: no segments file exists: assuming wav.scp indexed by utterance.
steps/make_fbank_pitch.sh: Succeeded creating filterbank and pitch features for test_dev93
fix_data_dir.sh: kept all 503 utterances.
fix_data_dir.sh: old files are kept in dump/fbank_pitch/org/test_dev93/.backup
utils/copy_data_dir.sh: copied data from data/test_dev93 to dump/fbank_pitch/org/test_dev93
utils/copy_data_dir.sh: file feats.scp exists in dest dump/fbank_pitch/org/test_dev93 but not in src data/test_dev93.  Moving it to
 ... dump/fbank_pitch/org/test_dev93/.backup/feats.scp
utils/copy_data_dir.sh: file utt2dur exists in dest dump/fbank_pitch/org/test_dev93 but not in src data/test_dev93.  Moving it to
 ... dump/fbank_pitch/org/test_dev93/.backup/utt2dur
utils/copy_data_dir.sh: file utt2num_frames exists in dest dump/fbank_pitch/org/test_dev93 but not in src data/test_dev93.  Moving it to
 ... dump/fbank_pitch/org/test_dev93/.backup/utt2num_frames
utils/copy_data_dir.sh: file frame_shift exists in dest dump/fbank_pitch/org/test_dev93 but not in src data/test_dev93.  Moving it to
 ... dump/fbank_pitch/org/test_dev93/.backup/frame_shift
utils/validate_data_dir.sh: Successfully validated data-directory dump/fbank_pitch/org/test_dev93
steps/make_fbank_pitch.sh --nj 32 --cmd run.pl dump/fbank_pitch/org/test_dev93
utils/validate_data_dir.sh: Successfully validated data-directory dump/fbank_pitch/org/test_dev93
steps/make_fbank_pitch.sh: [info]: no segments file exists: assuming wav.scp indexed by utterance.
Data preparation succeeded
2020-11-27T22:07:25 (data.sh:39:main) local/wsj_format_data.sh
local/wsj_format_data.sh 
Preparing train and test data
steps/make_fbank_pitch.sh: Succeeded creating filterbank and pitch features for test_dev93
fix_data_dir.sh: kept all 503 utterances.
Succeeded in formatting data.
2020-11-27T22:07:28 (data.sh:43:main) Prepare text from lng_modl dir: /afs/cs.pitt.edu/usr0/ras306/Classwork/Project/csr_2/13-32.1/wsj1/doc/lng_modl/lm_train/np_data/{87,88,89}/*.z -> data/local/other_text/text
fix_data_dir.sh: old files are kept in dump/fbank_pitch/org/test_dev93/.backup
utils/copy_data_dir.sh: copied data from data/test_eval92 to dump/fbank_pitch/test_eval92
utils/validate_data_dir.sh: Successfully validated data-directory dump/fbank_pitch/test_eval92
steps/make_fbank_pitch.sh --nj 32 --cmd run.pl dump/fbank_pitch/test_eval92
utils/validate_data_dir.sh: Successfully validated data-directory dump/fbank_pitch/test_eval92
steps/make_fbank_pitch.sh: [info]: no segments file exists: assuming wav.scp indexed by utterance.
steps/make_fbank_pitch.sh: Succeeded creating filterbank and pitch features for test_eval92
fix_data_dir.sh: kept all 333 utterances.
fix_data_dir.sh: old files are kept in dump/fbank_pitch/test_eval92/.backup
2020-11-27T22:07:45 (asr.sh:490:main) Stage 4: Remove long/short data: dump/fbank_pitch/org -> dump/fbank_pitch
utils/copy_data_dir.sh: copied data from dump/fbank_pitch/org/train_si84 to dump/fbank_pitch/train_si84
utils/validate_data_dir.sh: Successfully validated data-directory dump/fbank_pitch/train_si84
fix_data_dir.sh: kept 7137 utterances out of 7138
fix_data_dir.sh: old files are kept in dump/fbank_pitch/train_si84/.backup
utils/copy_data_dir.sh: copied data from dump/fbank_pitch/org/test_dev93 to dump/fbank_pitch/test_dev93
utils/validate_data_dir.sh: Successfully validated data-directory dump/fbank_pitch/test_dev93
fix_data_dir.sh: kept all 503 utterances.
fix_data_dir.sh: old files are kept in dump/fbank_pitch/test_dev93/.backup
2020-11-27T22:08:03 (data.sh:53:main) Create non linguistic symbols: data/nlsyms.txt
<*IN*>
<*MR.*>
<NOISE>
2020-11-27T22:08:04 (asr.sh:383:main) Skip stage 2: Speed perturbation
2020-11-27T22:08:04 (asr.sh:429:main) [Require Kaldi] Stage 3: fbank_pitch extract: data/ -> dump/fbank_pitch
utils/copy_data_dir.sh: copied data from data/train_si84 to dump/fbank_pitch/org/train_si84
utils/validate_data_dir.sh: Successfully validated data-directory dump/fbank_pitch/org/train_si84
steps/make_fbank_pitch.sh --nj 32 --cmd run.pl dump/fbank_pitch/org/train_si84
utils/validate_data_dir.sh: Successfully validated data-directory dump/fbank_pitch/org/train_si84
steps/make_fbank_pitch.sh: [info]: no segments file exists: assuming wav.scp indexed by utterance.
2020-11-27T22:08:38 (asr.sh:585:main) Stage 5: Generate character level token_list from data/train_si284/text data/local/other_text/text
run.pl: 32 / 32 failed, log is in dump/fbank_pitch/org/train_si84/log/make_fbank_pitch_train_si84.*.log

Failed a run
RUNNING: -dup
HYPERPARAMETER VALUES: num_mel_bins = 115, frame_length = 35, frame_shift = 6



2020-11-27T22:09:04 (asr.sh:214:main) ./asr.sh --lang en --use_lm false --token_type char --nbpe 80 --nlsyms_txt data/nlsyms.txt --lm_config conf/train_lm_transformer.yaml --asr_config conf/train_asr_transformer.yaml --inference_config conf/decode.yaml --train_set train_si84 --valid_set test_dev93 --test_sets test_dev93 test_eval92 --bpe_train_text data/train_si284/text --lm_train_text data/train_si284/text data/local/other_text/text --ngpu 1 --feats_type fbank_pitch
2020-11-27T22:09:04 (asr.sh:364:main) Stage 1: Data preparation for data/train_si84, data/test_dev93, etc.
2020-11-27T22:09:04 (data.sh:37:main) local/wsj_data_prep.sh /afs/cs.pitt.edu/usr0/ras306/Classwork/Project/csr_1/??-{?,??}.? /afs/cs.pitt.edu/usr0/ras306/Classwork/Project/csr_2/??-{?,??}.?
Data preparation succeeded
2020-11-27T22:09:19 (data.sh:39:main) local/wsj_format_data.sh
local/wsj_format_data.sh 
Preparing train and test data
Succeeded in formatting data.
2020-11-27T22:09:21 (data.sh:43:main) Prepare text from lng_modl dir: /afs/cs.pitt.edu/usr0/ras306/Classwork/Project/csr_2/13-32.1/wsj1/doc/lng_modl/lm_train/np_data/{87,88,89}/*.z -> data/local/other_text/text
2020-11-27T22:09:48 (data.sh:53:main) Create non linguistic symbols: data/nlsyms.txt
<*IN*>
<*MR.*>
<NOISE>
2020-11-27T22:09:48 (asr.sh:383:main) Skip stage 2: Speed perturbation
2020-11-27T22:09:48 (asr.sh:429:main) [Require Kaldi] Stage 3: fbank_pitch extract: data/ -> dump/fbank_pitch
utils/copy_data_dir.sh: copied data from data/train_si84 to dump/fbank_pitch/org/train_si84
utils/validate_data_dir.sh: Successfully validated data-directory dump/fbank_pitch/org/train_si84
steps/make_fbank_pitch.sh --nj 32 --cmd run.pl dump/fbank_pitch/org/train_si84
utils/validate_data_dir.sh: Successfully validated data-directory dump/fbank_pitch/org/train_si84
steps/make_fbank_pitch.sh: [info]: no segments file exists: assuming wav.scp indexed by utterance.
run.pl: 32 / 32 failed, log is in dump/fbank_pitch/org/train_si84/log/make_fbank_pitch_train_si84.*.log

Failed a run
RUNNING: -dup
HYPERPARAMETER VALUES: num_mel_bins = 40, frame_length = 17, frame_shift = 7



2020-11-27T22:10:34 (asr.sh:214:main) ./asr.sh --lang en --use_lm false --token_type char --nbpe 80 --nlsyms_txt data/nlsyms.txt --lm_config conf/train_lm_transformer.yaml --asr_config conf/train_asr_transformer.yaml --inference_config conf/decode.yaml --train_set train_si84 --valid_set test_dev93 --test_sets test_dev93 test_eval92 --bpe_train_text data/train_si284/text --lm_train_text data/train_si284/text data/local/other_text/text --ngpu 1 --feats_type fbank_pitch
2020-11-27T22:10:34 (asr.sh:364:main) Stage 1: Data preparation for data/train_si84, data/test_dev93, etc.
2020-11-27T22:10:34 (data.sh:37:main) local/wsj_data_prep.sh /afs/cs.pitt.edu/usr0/ras306/Classwork/Project/csr_1/??-{?,??}.? /afs/cs.pitt.edu/usr0/ras306/Classwork/Project/csr_2/??-{?,??}.?
Data preparation succeeded
2020-11-27T22:10:50 (data.sh:39:main) local/wsj_format_data.sh
local/wsj_format_data.sh 
Preparing train and test data
Succeeded in formatting data.
2020-11-27T22:10:52 (data.sh:43:main) Prepare text from lng_modl dir: /afs/cs.pitt.edu/usr0/ras306/Classwork/Project/csr_2/13-32.1/wsj1/doc/lng_modl/lm_train/np_data/{87,88,89}/*.z -> data/local/other_text/text
2020-11-27T22:11:18 (data.sh:53:main) Create non linguistic symbols: data/nlsyms.txt
<*IN*>
<*MR.*>
<NOISE>
2020-11-27T22:11:18 (asr.sh:383:main) Skip stage 2: Speed perturbation
2020-11-27T22:11:18 (asr.sh:429:main) [Require Kaldi] Stage 3: fbank_pitch extract: data/ -> dump/fbank_pitch
utils/copy_data_dir.sh: copied data from data/train_si84 to dump/fbank_pitch/org/train_si84
utils/validate_data_dir.sh: Successfully validated data-directory dump/fbank_pitch/org/train_si84
steps/make_fbank_pitch.sh --nj 32 --cmd run.pl dump/fbank_pitch/org/train_si84
utils/validate_data_dir.sh: Successfully validated data-directory dump/fbank_pitch/org/train_si84
steps/make_fbank_pitch.sh: [info]: no segments file exists: assuming wav.scp indexed by utterance.
run.pl: 32 / 32 failed, log is in dump/fbank_pitch/org/train_si84/log/make_fbank_pitch_train_si84.*.log

Failed a run
RUNNING: -dup
HYPERPARAMETER VALUES: num_mel_bins = 135, frame_length = 18, frame_shift = 14



2020-11-27T22:12:05 (asr.sh:214:main) ./asr.sh --lang en --use_lm false --token_type char --nbpe 80 --nlsyms_txt data/nlsyms.txt --lm_config conf/train_lm_transformer.yaml --asr_config conf/train_asr_transformer.yaml --inference_config conf/decode.yaml --train_set train_si84 --valid_set test_dev93 --test_sets test_dev93 test_eval92 --bpe_train_text data/train_si284/text --lm_train_text data/train_si284/text data/local/other_text/text --ngpu 1 --feats_type fbank_pitch
2020-11-27T22:12:06 (asr.sh:364:main) Stage 1: Data preparation for data/train_si84, data/test_dev93, etc.
2020-11-27T22:12:06 (data.sh:37:main) local/wsj_data_prep.sh /afs/cs.pitt.edu/usr0/ras306/Classwork/Project/csr_1/??-{?,??}.? /afs/cs.pitt.edu/usr0/ras306/Classwork/Project/csr_2/??-{?,??}.?
Data preparation succeeded
2020-11-27T22:12:23 (data.sh:39:main) local/wsj_format_data.sh
local/wsj_format_data.sh 
Preparing train and test data
Succeeded in formatting data.
2020-11-27T22:12:25 (data.sh:43:main) Prepare text from lng_modl dir: /afs/cs.pitt.edu/usr0/ras306/Classwork/Project/csr_2/13-32.1/wsj1/doc/lng_modl/lm_train/np_data/{87,88,89}/*.z -> data/local/other_text/text
2020-11-27T22:12:45 (asr.sh:806:main) Stage 6-8: Skip lm-related stages: use_lm=false
2020-11-27T22:12:45 (asr.sh:813:main) Stage 9: ASR collect stats: train_set=dump/fbank_pitch/train_si84, valid_set=dump/fbank_pitch/test_dev93
2020-11-27T22:12:47 (asr.sh:863:main) Generate 'exp/asr_stats_fbank_pitch_char/run.sh'. You can resume the process from stage 9 using this script
2020-11-27T22:12:47 (asr.sh:867:main) ASR collect-stats started... log: 'exp/asr_stats_fbank_pitch_char/logdir/stats.*.log'
2020-11-27T22:12:51 (data.sh:53:main) Create non linguistic symbols: data/nlsyms.txt
<*IN*>
<*MR.*>
<NOISE>
2020-11-27T22:12:51 (asr.sh:383:main) Skip stage 2: Speed perturbation
2020-11-27T22:12:51 (asr.sh:429:main) [Require Kaldi] Stage 3: fbank_pitch extract: data/ -> dump/fbank_pitch
utils/copy_data_dir.sh: copied data from data/train_si84 to dump/fbank_pitch/org/train_si84
utils/validate_data_dir.sh: Successfully validated data-directory dump/fbank_pitch/org/train_si84
steps/make_fbank_pitch.sh --nj 32 --cmd run.pl dump/fbank_pitch/org/train_si84
utils/validate_data_dir.sh: Successfully validated data-directory dump/fbank_pitch/org/train_si84
steps/make_fbank_pitch.sh: [info]: no segments file exists: assuming wav.scp indexed by utterance.
run.pl: 32 / 32 failed, log is in dump/fbank_pitch/org/train_si84/log/make_fbank_pitch_train_si84.*.log

Failed a run
RUNNING: -dup
HYPERPARAMETER VALUES: num_mel_bins = 75, frame_length = 29, frame_shift = 8



2020-11-27T22:12:57 (asr.sh:214:main) ./asr.sh --lang en --use_lm false --token_type char --nbpe 80 --nlsyms_txt data/nlsyms.txt --lm_config conf/train_lm_transformer.yaml --asr_config conf/train_asr_transformer.yaml --inference_config conf/decode.yaml --train_set train_si84 --valid_set test_dev93 --test_sets test_dev93 test_eval92 --bpe_train_text data/train_si284/text --lm_train_text data/train_si284/text data/local/other_text/text --ngpu 1 --feats_type fbank_pitch
2020-11-27T22:12:58 (asr.sh:364:main) Stage 1: Data preparation for data/train_si84, data/test_dev93, etc.
2020-11-27T22:12:58 (data.sh:37:main) local/wsj_data_prep.sh /afs/cs.pitt.edu/usr0/ras306/Classwork/Project/csr_1/??-{?,??}.? /afs/cs.pitt.edu/usr0/ras306/Classwork/Project/csr_2/??-{?,??}.?
Data preparation succeeded
2020-11-27T22:13:30 (data.sh:39:main) local/wsj_format_data.sh
local/wsj_format_data.sh 
Preparing train and test data
Succeeded in formatting data.
2020-11-27T22:13:32 (data.sh:43:main) Prepare text from lng_modl dir: /afs/cs.pitt.edu/usr0/ras306/Classwork/Project/csr_2/13-32.1/wsj1/doc/lng_modl/lm_train/np_data/{87,88,89}/*.z -> data/local/other_text/text
2020-11-27T22:13:33 (asr.sh:914:main) Stage 10: ASR Training: train_set=dump/fbank_pitch/train_si84, valid_set=dump/fbank_pitch/test_dev93
2020-11-27T22:13:33 (asr.sh:981:main) Generate 'exp/asr_train_asr_transformer_fbank_pitch_char/run.sh'. You can resume the process from stage 10 using this script
2020-11-27T22:13:33 (asr.sh:985:main) ASR training started... log: 'exp/asr_train_asr_transformer_fbank_pitch_char/train.log'
2020-11-27T22:14:02 (data.sh:53:main) Create non linguistic symbols: data/nlsyms.txt
<*IN*>
<*MR.*>
<NOISE>
2020-11-27T22:14:03 (asr.sh:383:main) Skip stage 2: Speed perturbation
2020-11-27T22:14:03 (asr.sh:429:main) [Require Kaldi] Stage 3: fbank_pitch extract: data/ -> dump/fbank_pitch
utils/copy_data_dir.sh: copied data from data/train_si84 to dump/fbank_pitch/org/train_si84
utils/validate_data_dir.sh: Successfully validated data-directory dump/fbank_pitch/org/train_si84
steps/make_fbank_pitch.sh --nj 32 --cmd run.pl dump/fbank_pitch/org/train_si84
utils/validate_data_dir.sh: Successfully validated data-directory dump/fbank_pitch/org/train_si84
steps/make_fbank_pitch.sh: [info]: no segments file exists: assuming wav.scp indexed by utterance.
run.pl: 32 / 32 failed, log is in dump/fbank_pitch/org/train_si84/log/make_fbank_pitch_train_si84.*.log

Failed a run
RUNNING: -dup
HYPERPARAMETER VALUES: num_mel_bins = 55, frame_length = 30, frame_shift = 5



2020-11-27T22:14:54 (asr.sh:214:main) ./asr.sh --lang en --use_lm false --token_type char --nbpe 80 --nlsyms_txt data/nlsyms.txt --lm_config conf/train_lm_transformer.yaml --asr_config conf/train_asr_transformer.yaml --inference_config conf/decode.yaml --train_set train_si84 --valid_set test_dev93 --test_sets test_dev93 test_eval92 --bpe_train_text data/train_si284/text --lm_train_text data/train_si284/text data/local/other_text/text --ngpu 1 --feats_type fbank_pitch
2020-11-27T22:14:54 (asr.sh:364:main) Stage 1: Data preparation for data/train_si84, data/test_dev93, etc.
2020-11-27T22:14:54 (data.sh:37:main) local/wsj_data_prep.sh /afs/cs.pitt.edu/usr0/ras306/Classwork/Project/csr_1/??-{?,??}.? /afs/cs.pitt.edu/usr0/ras306/Classwork/Project/csr_2/??-{?,??}.?
Data preparation succeeded
2020-11-27T22:15:10 (data.sh:39:main) local/wsj_format_data.sh
local/wsj_format_data.sh 
Preparing train and test data
Succeeded in formatting data.
2020-11-27T22:15:12 (data.sh:43:main) Prepare text from lng_modl dir: /afs/cs.pitt.edu/usr0/ras306/Classwork/Project/csr_2/13-32.1/wsj1/doc/lng_modl/lm_train/np_data/{87,88,89}/*.z -> data/local/other_text/text
2020-11-27T22:15:38 (data.sh:53:main) Create non linguistic symbols: data/nlsyms.txt
<*IN*>
<*MR.*>
<NOISE>
2020-11-27T22:15:38 (asr.sh:383:main) Skip stage 2: Speed perturbation
2020-11-27T22:15:38 (asr.sh:429:main) [Require Kaldi] Stage 3: fbank_pitch extract: data/ -> dump/fbank_pitch
utils/copy_data_dir.sh: copied data from data/train_si84 to dump/fbank_pitch/org/train_si84
utils/validate_data_dir.sh: Successfully validated data-directory dump/fbank_pitch/org/train_si84
steps/make_fbank_pitch.sh --nj 32 --cmd run.pl dump/fbank_pitch/org/train_si84
utils/validate_data_dir.sh: Successfully validated data-directory dump/fbank_pitch/org/train_si84
steps/make_fbank_pitch.sh: [info]: no segments file exists: assuming wav.scp indexed by utterance.
run.pl: 32 / 32 failed, log is in dump/fbank_pitch/org/train_si84/log/make_fbank_pitch_train_si84.*.log

Failed a run
RUNNING: -dup
HYPERPARAMETER VALUES: num_mel_bins = 125, frame_length = 15, frame_shift = 7



2020-11-27T22:16:22 (asr.sh:214:main) ./asr.sh --lang en --use_lm false --token_type char --nbpe 80 --nlsyms_txt data/nlsyms.txt --lm_config conf/train_lm_transformer.yaml --asr_config conf/train_asr_transformer.yaml --inference_config conf/decode.yaml --train_set train_si84 --valid_set test_dev93 --test_sets test_dev93 test_eval92 --bpe_train_text data/train_si284/text --lm_train_text data/train_si284/text data/local/other_text/text --ngpu 1 --feats_type fbank_pitch
2020-11-27T22:16:23 (asr.sh:364:main) Stage 1: Data preparation for data/train_si84, data/test_dev93, etc.
2020-11-27T22:16:23 (data.sh:37:main) local/wsj_data_prep.sh /afs/cs.pitt.edu/usr0/ras306/Classwork/Project/csr_1/??-{?,??}.? /afs/cs.pitt.edu/usr0/ras306/Classwork/Project/csr_2/??-{?,??}.?
Data preparation succeeded
2020-11-27T22:16:39 (data.sh:39:main) local/wsj_format_data.sh
local/wsj_format_data.sh 
Preparing train and test data
Succeeded in formatting data.
2020-11-27T22:16:41 (data.sh:43:main) Prepare text from lng_modl dir: /afs/cs.pitt.edu/usr0/ras306/Classwork/Project/csr_2/13-32.1/wsj1/doc/lng_modl/lm_train/np_data/{87,88,89}/*.z -> data/local/other_text/text
2020-11-27T22:17:10 (data.sh:53:main) Create non linguistic symbols: data/nlsyms.txt
<*IN*>
<*MR.*>
<NOISE>
2020-11-27T22:17:10 (asr.sh:383:main) Skip stage 2: Speed perturbation
2020-11-27T22:17:10 (asr.sh:429:main) [Require Kaldi] Stage 3: fbank_pitch extract: data/ -> dump/fbank_pitch
utils/copy_data_dir.sh: copied data from data/train_si84 to dump/fbank_pitch/org/train_si84
utils/validate_data_dir.sh: Successfully validated data-directory dump/fbank_pitch/org/train_si84
steps/make_fbank_pitch.sh --nj 32 --cmd run.pl dump/fbank_pitch/org/train_si84
utils/validate_data_dir.sh: Successfully validated data-directory dump/fbank_pitch/org/train_si84
steps/make_fbank_pitch.sh: [info]: no segments file exists: assuming wav.scp indexed by utterance.
run.pl: 32 / 32 failed, log is in dump/fbank_pitch/org/train_si84/log/make_fbank_pitch_train_si84.*.log

Failed a run
RUNNING: -dup
HYPERPARAMETER VALUES: num_mel_bins = 85, frame_length = 34, frame_shift = 11



2020-11-27T22:18:00 (asr.sh:214:main) ./asr.sh --lang en --use_lm false --token_type char --nbpe 80 --nlsyms_txt data/nlsyms.txt --lm_config conf/train_lm_transformer.yaml --asr_config conf/train_asr_transformer.yaml --inference_config conf/decode.yaml --train_set train_si84 --valid_set test_dev93 --test_sets test_dev93 test_eval92 --bpe_train_text data/train_si284/text --lm_train_text data/train_si284/text data/local/other_text/text --ngpu 1 --feats_type fbank_pitch
2020-11-27T22:18:01 (asr.sh:364:main) Stage 1: Data preparation for data/train_si84, data/test_dev93, etc.
2020-11-27T22:18:01 (data.sh:37:main) local/wsj_data_prep.sh /afs/cs.pitt.edu/usr0/ras306/Classwork/Project/csr_1/??-{?,??}.? /afs/cs.pitt.edu/usr0/ras306/Classwork/Project/csr_2/??-{?,??}.?
Data preparation succeeded
2020-11-27T22:18:34 (data.sh:39:main) local/wsj_format_data.sh
local/wsj_format_data.sh 
Preparing train and test data
Succeeded in formatting data.
2020-11-27T22:18:36 (data.sh:43:main) Prepare text from lng_modl dir: /afs/cs.pitt.edu/usr0/ras306/Classwork/Project/csr_2/13-32.1/wsj1/doc/lng_modl/lm_train/np_data/{87,88,89}/*.z -> data/local/other_text/text
2020-11-27T22:19:04 (data.sh:53:main) Create non linguistic symbols: data/nlsyms.txt
<*IN*>
<*MR.*>
<NOISE>
2020-11-27T22:19:04 (asr.sh:383:main) Skip stage 2: Speed perturbation
2020-11-27T22:19:04 (asr.sh:429:main) [Require Kaldi] Stage 3: fbank_pitch extract: data/ -> dump/fbank_pitch
utils/copy_data_dir.sh: copied data from data/train_si84 to dump/fbank_pitch/org/train_si84
utils/validate_data_dir.sh: Successfully validated data-directory dump/fbank_pitch/org/train_si84
steps/make_fbank_pitch.sh --nj 32 --cmd run.pl dump/fbank_pitch/org/train_si84
utils/validate_data_dir.sh: Successfully validated data-directory dump/fbank_pitch/org/train_si84
steps/make_fbank_pitch.sh: [info]: no segments file exists: assuming wav.scp indexed by utterance.
run.pl: 32 / 32 failed, log is in dump/fbank_pitch/org/train_si84/log/make_fbank_pitch_train_si84.*.log

Failed a run
RUNNING: -dup
HYPERPARAMETER VALUES: num_mel_bins = 110, frame_length = 26, frame_shift = 8



2020-11-27T22:20:01 (asr.sh:214:main) ./asr.sh --lang en --use_lm false --token_type char --nbpe 80 --nlsyms_txt data/nlsyms.txt --lm_config conf/train_lm_transformer.yaml --asr_config conf/train_asr_transformer.yaml --inference_config conf/decode.yaml --train_set train_si84 --valid_set test_dev93 --test_sets test_dev93 test_eval92 --bpe_train_text data/train_si284/text --lm_train_text data/train_si284/text data/local/other_text/text --ngpu 1 --feats_type fbank_pitch
2020-11-27T22:20:01 (asr.sh:364:main) Stage 1: Data preparation for data/train_si84, data/test_dev93, etc.
2020-11-27T22:20:01 (data.sh:37:main) local/wsj_data_prep.sh /afs/cs.pitt.edu/usr0/ras306/Classwork/Project/csr_1/??-{?,??}.? /afs/cs.pitt.edu/usr0/ras306/Classwork/Project/csr_2/??-{?,??}.?
Data preparation succeeded
2020-11-27T22:20:18 (data.sh:39:main) local/wsj_format_data.sh
local/wsj_format_data.sh 
Preparing train and test data
Succeeded in formatting data.
2020-11-27T22:20:20 (data.sh:43:main) Prepare text from lng_modl dir: /afs/cs.pitt.edu/usr0/ras306/Classwork/Project/csr_2/13-32.1/wsj1/doc/lng_modl/lm_train/np_data/{87,88,89}/*.z -> data/local/other_text/text
2020-11-27T22:20:48 (data.sh:53:main) Create non linguistic symbols: data/nlsyms.txt
<*IN*>
<*MR.*>
<NOISE>
2020-11-27T22:20:48 (asr.sh:383:main) Skip stage 2: Speed perturbation
2020-11-27T22:20:48 (asr.sh:429:main) [Require Kaldi] Stage 3: fbank_pitch extract: data/ -> dump/fbank_pitch
utils/copy_data_dir.sh: copied data from data/train_si84 to dump/fbank_pitch/org/train_si84
utils/validate_data_dir.sh: Successfully validated data-directory dump/fbank_pitch/org/train_si84
steps/make_fbank_pitch.sh --nj 32 --cmd run.pl dump/fbank_pitch/org/train_si84
utils/validate_data_dir.sh: Successfully validated data-directory dump/fbank_pitch/org/train_si84
steps/make_fbank_pitch.sh: [info]: no segments file exists: assuming wav.scp indexed by utterance.
run.pl: 32 / 32 failed, log is in dump/fbank_pitch/org/train_si84/log/make_fbank_pitch_train_si84.*.log

Failed a run
RUNNING: -dup
HYPERPARAMETER VALUES: num_mel_bins = 50, frame_length = 23, frame_shift = 7



2020-11-27T22:21:41 (asr.sh:214:main) ./asr.sh --lang en --use_lm false --token_type char --nbpe 80 --nlsyms_txt data/nlsyms.txt --lm_config conf/train_lm_transformer.yaml --asr_config conf/train_asr_transformer.yaml --inference_config conf/decode.yaml --train_set train_si84 --valid_set test_dev93 --test_sets test_dev93 test_eval92 --bpe_train_text data/train_si284/text --lm_train_text data/train_si284/text data/local/other_text/text --ngpu 1 --feats_type fbank_pitch
2020-11-27T22:21:42 (asr.sh:364:main) Stage 1: Data preparation for data/train_si84, data/test_dev93, etc.
2020-11-27T22:21:42 (data.sh:37:main) local/wsj_data_prep.sh /afs/cs.pitt.edu/usr0/ras306/Classwork/Project/csr_1/??-{?,??}.? /afs/cs.pitt.edu/usr0/ras306/Classwork/Project/csr_2/??-{?,??}.?
Data preparation succeeded
2020-11-27T22:22:11 (data.sh:39:main) local/wsj_format_data.sh
local/wsj_format_data.sh 
Preparing train and test data
Succeeded in formatting data.
2020-11-27T22:22:13 (data.sh:43:main) Prepare text from lng_modl dir: /afs/cs.pitt.edu/usr0/ras306/Classwork/Project/csr_2/13-32.1/wsj1/doc/lng_modl/lm_train/np_data/{87,88,89}/*.z -> data/local/other_text/text
2020-11-27T22:22:41 (data.sh:53:main) Create non linguistic symbols: data/nlsyms.txt
<*IN*>
<*MR.*>
<NOISE>
2020-11-27T22:22:41 (asr.sh:383:main) Skip stage 2: Speed perturbation
2020-11-27T22:22:41 (asr.sh:429:main) [Require Kaldi] Stage 3: fbank_pitch extract: data/ -> dump/fbank_pitch
utils/copy_data_dir.sh: copied data from data/train_si84 to dump/fbank_pitch/org/train_si84
utils/validate_data_dir.sh: Successfully validated data-directory dump/fbank_pitch/org/train_si84
steps/make_fbank_pitch.sh --nj 32 --cmd run.pl dump/fbank_pitch/org/train_si84
utils/validate_data_dir.sh: Successfully validated data-directory dump/fbank_pitch/org/train_si84
steps/make_fbank_pitch.sh: [info]: no segments file exists: assuming wav.scp indexed by utterance.
run.pl: 32 / 32 failed, log is in dump/fbank_pitch/org/train_si84/log/make_fbank_pitch_train_si84.*.log

Failed a run
RUNNING: -dup
HYPERPARAMETER VALUES: num_mel_bins = 155, frame_length = 24, frame_shift = 8



2020-11-27T22:23:29 (asr.sh:214:main) ./asr.sh --lang en --use_lm false --token_type char --nbpe 80 --nlsyms_txt data/nlsyms.txt --lm_config conf/train_lm_transformer.yaml --asr_config conf/train_asr_transformer.yaml --inference_config conf/decode.yaml --train_set train_si84 --valid_set test_dev93 --test_sets test_dev93 test_eval92 --bpe_train_text data/train_si284/text --lm_train_text data/train_si284/text data/local/other_text/text --ngpu 1 --feats_type fbank_pitch
2020-11-27T22:23:30 (asr.sh:364:main) Stage 1: Data preparation for data/train_si84, data/test_dev93, etc.
2020-11-27T22:23:30 (data.sh:37:main) local/wsj_data_prep.sh /afs/cs.pitt.edu/usr0/ras306/Classwork/Project/csr_1/??-{?,??}.? /afs/cs.pitt.edu/usr0/ras306/Classwork/Project/csr_2/??-{?,??}.?
Data preparation succeeded
2020-11-27T22:23:47 (data.sh:39:main) local/wsj_format_data.sh
local/wsj_format_data.sh 
Preparing train and test data
Succeeded in formatting data.
2020-11-27T22:23:49 (data.sh:43:main) Prepare text from lng_modl dir: /afs/cs.pitt.edu/usr0/ras306/Classwork/Project/csr_2/13-32.1/wsj1/doc/lng_modl/lm_train/np_data/{87,88,89}/*.z -> data/local/other_text/text
2020-11-27T22:24:17 (data.sh:53:main) Create non linguistic symbols: data/nlsyms.txt
<*IN*>
<*MR.*>
<NOISE>
2020-11-27T22:24:17 (asr.sh:383:main) Skip stage 2: Speed perturbation
2020-11-27T22:24:17 (asr.sh:429:main) [Require Kaldi] Stage 3: fbank_pitch extract: data/ -> dump/fbank_pitch
utils/copy_data_dir.sh: copied data from data/train_si84 to dump/fbank_pitch/org/train_si84
utils/validate_data_dir.sh: Successfully validated data-directory dump/fbank_pitch/org/train_si84
steps/make_fbank_pitch.sh --nj 32 --cmd run.pl dump/fbank_pitch/org/train_si84
utils/validate_data_dir.sh: Successfully validated data-directory dump/fbank_pitch/org/train_si84
steps/make_fbank_pitch.sh: [info]: no segments file exists: assuming wav.scp indexed by utterance.
run.pl: 32 / 32 failed, log is in dump/fbank_pitch/org/train_si84/log/make_fbank_pitch_train_si84.*.log

Failed a run
RUNNING: -dup
HYPERPARAMETER VALUES: num_mel_bins = 90, frame_length = 38, frame_shift = 7



2020-11-27T22:24:22 (asr.sh:214:main) ./asr.sh --lang en --use_lm false --token_type char --nbpe 80 --nlsyms_txt data/nlsyms.txt --lm_config conf/train_lm_transformer.yaml --asr_config conf/train_asr_transformer.yaml --inference_config conf/decode.yaml --train_set train_si84 --valid_set test_dev93 --test_sets test_dev93 test_eval92 --bpe_train_text data/train_si284/text --lm_train_text data/train_si284/text data/local/other_text/text --ngpu 1 --feats_type fbank_pitch
2020-11-27T22:24:23 (asr.sh:364:main) Stage 1: Data preparation for data/train_si84, data/test_dev93, etc.
2020-11-27T22:24:23 (data.sh:37:main) local/wsj_data_prep.sh /afs/cs.pitt.edu/usr0/ras306/Classwork/Project/csr_1/??-{?,??}.? /afs/cs.pitt.edu/usr0/ras306/Classwork/Project/csr_2/??-{?,??}.?
Data preparation succeeded
2020-11-27T22:24:42 (data.sh:39:main) local/wsj_format_data.sh
local/wsj_format_data.sh 
Preparing train and test data
Succeeded in formatting data.
2020-11-27T22:24:46 (data.sh:43:main) Prepare text from lng_modl dir: /afs/cs.pitt.edu/usr0/ras306/Classwork/Project/csr_2/13-32.1/wsj1/doc/lng_modl/lm_train/np_data/{87,88,89}/*.z -> data/local/other_text/text
2020-11-27T22:25:32 (data.sh:53:main) Create non linguistic symbols: data/nlsyms.txt
<*IN*>
<*MR.*>
<NOISE>
2020-11-27T22:25:32 (asr.sh:383:main) Skip stage 2: Speed perturbation
2020-11-27T22:25:32 (asr.sh:429:main) [Require Kaldi] Stage 3: fbank_pitch extract: data/ -> dump/fbank_pitch
utils/copy_data_dir.sh: copied data from data/train_si84 to dump/fbank_pitch/org/train_si84
utils/validate_data_dir.sh: Successfully validated data-directory dump/fbank_pitch/org/train_si84
steps/make_fbank_pitch.sh --nj 32 --cmd run.pl dump/fbank_pitch/org/train_si84
utils/validate_data_dir.sh: Successfully validated data-directory dump/fbank_pitch/org/train_si84
steps/make_fbank_pitch.sh: [info]: no segments file exists: assuming wav.scp indexed by utterance.
run.pl: 32 / 32 failed, log is in dump/fbank_pitch/org/train_si84/log/make_fbank_pitch_train_si84.*.log

Failed a run
RUNNING: -dup
HYPERPARAMETER VALUES: num_mel_bins = 50, frame_length = 16, frame_shift = 11



2020-11-27T22:26:22 (asr.sh:214:main) ./asr.sh --lang en --use_lm false --token_type char --nbpe 80 --nlsyms_txt data/nlsyms.txt --lm_config conf/train_lm_transformer.yaml --asr_config conf/train_asr_transformer.yaml --inference_config conf/decode.yaml --train_set train_si84 --valid_set test_dev93 --test_sets test_dev93 test_eval92 --bpe_train_text data/train_si284/text --lm_train_text data/train_si284/text data/local/other_text/text --ngpu 1 --feats_type fbank_pitch
2020-11-27T22:26:22 (asr.sh:364:main) Stage 1: Data preparation for data/train_si84, data/test_dev93, etc.
2020-11-27T22:26:22 (data.sh:37:main) local/wsj_data_prep.sh /afs/cs.pitt.edu/usr0/ras306/Classwork/Project/csr_1/??-{?,??}.? /afs/cs.pitt.edu/usr0/ras306/Classwork/Project/csr_2/??-{?,??}.?
Data preparation succeeded
2020-11-27T22:26:38 (data.sh:39:main) local/wsj_format_data.sh
local/wsj_format_data.sh 
Preparing train and test data
Succeeded in formatting data.
2020-11-27T22:26:40 (data.sh:43:main) Prepare text from lng_modl dir: /afs/cs.pitt.edu/usr0/ras306/Classwork/Project/csr_2/13-32.1/wsj1/doc/lng_modl/lm_train/np_data/{87,88,89}/*.z -> data/local/other_text/text
2020-11-27T22:27:08 (data.sh:53:main) Create non linguistic symbols: data/nlsyms.txt
<*IN*>
<*MR.*>
<NOISE>
2020-11-27T22:27:09 (asr.sh:383:main) Skip stage 2: Speed perturbation
2020-11-27T22:27:09 (asr.sh:429:main) [Require Kaldi] Stage 3: fbank_pitch extract: data/ -> dump/fbank_pitch
utils/copy_data_dir.sh: copied data from data/train_si84 to dump/fbank_pitch/org/train_si84
utils/validate_data_dir.sh: Successfully validated data-directory dump/fbank_pitch/org/train_si84
steps/make_fbank_pitch.sh --nj 32 --cmd run.pl dump/fbank_pitch/org/train_si84
utils/validate_data_dir.sh: Successfully validated data-directory dump/fbank_pitch/org/train_si84
steps/make_fbank_pitch.sh: [info]: no segments file exists: assuming wav.scp indexed by utterance.
run.pl: 32 / 32 failed, log is in dump/fbank_pitch/org/train_si84/log/make_fbank_pitch_train_si84.*.log

Failed a run
RUNNING: -dup
HYPERPARAMETER VALUES: num_mel_bins = 110, frame_length = 36, frame_shift = 10



2020-11-27T22:28:06 (asr.sh:214:main) ./asr.sh --lang en --use_lm false --token_type char --nbpe 80 --nlsyms_txt data/nlsyms.txt --lm_config conf/train_lm_transformer.yaml --asr_config conf/train_asr_transformer.yaml --inference_config conf/decode.yaml --train_set train_si84 --valid_set test_dev93 --test_sets test_dev93 test_eval92 --bpe_train_text data/train_si284/text --lm_train_text data/train_si284/text data/local/other_text/text --ngpu 1 --feats_type fbank_pitch
2020-11-27T22:28:09 (asr.sh:364:main) Stage 1: Data preparation for data/train_si84, data/test_dev93, etc.
2020-11-27T22:28:09 (data.sh:37:main) local/wsj_data_prep.sh /afs/cs.pitt.edu/usr0/ras306/Classwork/Project/csr_1/??-{?,??}.? /afs/cs.pitt.edu/usr0/ras306/Classwork/Project/csr_2/??-{?,??}.?
Data preparation succeeded
2020-11-27T22:28:25 (data.sh:39:main) local/wsj_format_data.sh
local/wsj_format_data.sh 
Preparing train and test data
Succeeded in formatting data.
2020-11-27T22:28:28 (data.sh:43:main) Prepare text from lng_modl dir: /afs/cs.pitt.edu/usr0/ras306/Classwork/Project/csr_2/13-32.1/wsj1/doc/lng_modl/lm_train/np_data/{87,88,89}/*.z -> data/local/other_text/text
2020-11-27T22:29:09 (data.sh:53:main) Create non linguistic symbols: data/nlsyms.txt
<*IN*>
<*MR.*>
<NOISE>
2020-11-27T22:29:09 (asr.sh:383:main) Skip stage 2: Speed perturbation
2020-11-27T22:29:09 (asr.sh:429:main) [Require Kaldi] Stage 3: fbank_pitch extract: data/ -> dump/fbank_pitch
utils/copy_data_dir.sh: copied data from data/train_si84 to dump/fbank_pitch/org/train_si84
utils/validate_data_dir.sh: Successfully validated data-directory dump/fbank_pitch/org/train_si84
steps/make_fbank_pitch.sh --nj 32 --cmd run.pl dump/fbank_pitch/org/train_si84
utils/validate_data_dir.sh: Successfully validated data-directory dump/fbank_pitch/org/train_si84
steps/make_fbank_pitch.sh: [info]: no segments file exists: assuming wav.scp indexed by utterance.
steps/make_fbank_pitch.sh: Succeeded creating filterbank and pitch features for train_si84
fix_data_dir.sh: kept all 7138 utterances.
fix_data_dir.sh: old files are kept in dump/fbank_pitch/org/train_si84/.backup
utils/copy_data_dir.sh: copied data from data/test_dev93 to dump/fbank_pitch/org/test_dev93
utils/validate_data_dir.sh: Successfully validated data-directory dump/fbank_pitch/org/test_dev93
steps/make_fbank_pitch.sh --nj 32 --cmd run.pl dump/fbank_pitch/org/test_dev93
utils/validate_data_dir.sh: Successfully validated data-directory dump/fbank_pitch/org/test_dev93
steps/make_fbank_pitch.sh: [info]: no segments file exists: assuming wav.scp indexed by utterance.
steps/make_fbank_pitch.sh: Succeeded creating filterbank and pitch features for test_dev93
fix_data_dir.sh: kept all 503 utterances.
fix_data_dir.sh: old files are kept in dump/fbank_pitch/org/test_dev93/.backup
utils/copy_data_dir.sh: copied data from data/test_dev93 to dump/fbank_pitch/org/test_dev93
utils/copy_data_dir.sh: file feats.scp exists in dest dump/fbank_pitch/org/test_dev93 but not in src data/test_dev93.  Moving it to
 ... dump/fbank_pitch/org/test_dev93/.backup/feats.scp
utils/copy_data_dir.sh: file utt2dur exists in dest dump/fbank_pitch/org/test_dev93 but not in src data/test_dev93.  Moving it to
 ... dump/fbank_pitch/org/test_dev93/.backup/utt2dur
utils/copy_data_dir.sh: file utt2num_frames exists in dest dump/fbank_pitch/org/test_dev93 but not in src data/test_dev93.  Moving it to
 ... dump/fbank_pitch/org/test_dev93/.backup/utt2num_frames
utils/copy_data_dir.sh: file frame_shift exists in dest dump/fbank_pitch/org/test_dev93 but not in src data/test_dev93.  Moving it to
 ... dump/fbank_pitch/org/test_dev93/.backup/frame_shift
utils/validate_data_dir.sh: Successfully validated data-directory dump/fbank_pitch/org/test_dev93
steps/make_fbank_pitch.sh --nj 32 --cmd run.pl dump/fbank_pitch/org/test_dev93
utils/validate_data_dir.sh: Successfully validated data-directory dump/fbank_pitch/org/test_dev93
steps/make_fbank_pitch.sh: [info]: no segments file exists: assuming wav.scp indexed by utterance.
steps/make_fbank_pitch.sh: Succeeded creating filterbank and pitch features for test_dev93
fix_data_dir.sh: kept all 503 utterances.
fix_data_dir.sh: old files are kept in dump/fbank_pitch/org/test_dev93/.backup
utils/copy_data_dir.sh: copied data from data/test_eval92 to dump/fbank_pitch/test_eval92
utils/validate_data_dir.sh: Successfully validated data-directory dump/fbank_pitch/test_eval92
steps/make_fbank_pitch.sh --nj 32 --cmd run.pl dump/fbank_pitch/test_eval92
utils/validate_data_dir.sh: Successfully validated data-directory dump/fbank_pitch/test_eval92
steps/make_fbank_pitch.sh: [info]: no segments file exists: assuming wav.scp indexed by utterance.
steps/make_fbank_pitch.sh: Succeeded creating filterbank and pitch features for test_eval92
fix_data_dir.sh: kept all 333 utterances.
fix_data_dir.sh: old files are kept in dump/fbank_pitch/test_eval92/.backup
2020-11-27T22:31:19 (asr.sh:490:main) Stage 4: Remove long/short data: dump/fbank_pitch/org -> dump/fbank_pitch
utils/copy_data_dir.sh: copied data from dump/fbank_pitch/org/train_si84 to dump/fbank_pitch/train_si84
utils/validate_data_dir.sh: Successfully validated data-directory dump/fbank_pitch/train_si84
fix_data_dir.sh: kept 7137 utterances out of 7138
fix_data_dir.sh: old files are kept in dump/fbank_pitch/train_si84/.backup
utils/copy_data_dir.sh: copied data from dump/fbank_pitch/org/test_dev93 to dump/fbank_pitch/test_dev93
utils/validate_data_dir.sh: Successfully validated data-directory dump/fbank_pitch/test_dev93
fix_data_dir.sh: kept all 503 utterances.
fix_data_dir.sh: old files are kept in dump/fbank_pitch/test_dev93/.backup
2020-11-27T22:31:56 (asr.sh:585:main) Stage 5: Generate character level token_list from data/train_si284/text data/local/other_text/text
2020-11-27T22:34:59 (asr.sh:806:main) Stage 6-8: Skip lm-related stages: use_lm=false
2020-11-27T22:34:59 (asr.sh:813:main) Stage 9: ASR collect stats: train_set=dump/fbank_pitch/train_si84, valid_set=dump/fbank_pitch/test_dev93
2020-11-27T22:34:59 (asr.sh:863:main) Generate 'exp/asr_stats_fbank_pitch_char/run.sh'. You can resume the process from stage 9 using this script
2020-11-27T22:34:59 (asr.sh:867:main) ASR collect-stats started... log: 'exp/asr_stats_fbank_pitch_char/logdir/stats.*.log'
2020-11-27T22:35:58 (asr.sh:914:main) Stage 10: ASR Training: train_set=dump/fbank_pitch/train_si84, valid_set=dump/fbank_pitch/test_dev93
2020-11-27T22:35:58 (asr.sh:981:main) Generate 'exp/asr_train_asr_transformer_fbank_pitch_char/run.sh'. You can resume the process from stage 10 using this script
2020-11-27T22:35:58 (asr.sh:985:main) ASR training started... log: 'exp/asr_train_asr_transformer_fbank_pitch_char/train.log'
2020-11-28T03:13:31 (asr.sh:1059:main) Stage 11: Decoding: training_dir=exp/asr_train_asr_transformer_fbank_pitch_char
2020-11-28T03:13:31 (asr.sh:1084:main) Generate 'exp/asr_train_asr_transformer_fbank_pitch_char/decode_asr_model_valid.acc.ave/run.sh'. You can resume the process from stage 11 using this script
2020-11-28T03:13:32 (asr.sh:1117:main) Decoding started... log: 'exp/asr_train_asr_transformer_fbank_pitch_char/decode_asr_model_valid.acc.ave/test_dev93/logdir/asr_inference.*.log'
2020-11-28T03:28:44 (asr.sh:1117:main) Decoding started... log: 'exp/asr_train_asr_transformer_fbank_pitch_char/decode_asr_model_valid.acc.ave/test_eval92/logdir/asr_inference.*.log'
2020-11-28T03:38:41 (asr.sh:1140:main) Stage 12: Scoring
2020-11-28T03:39:05 (asr.sh:1239:main) Write cer result in exp/asr_train_asr_transformer_fbank_pitch_char/decode_asr_model_valid.acc.ave/test_dev93/score_cer/result.txt
|   SPKR      |   # Snt      # Wrd    |   Corr        Sub         Del        Ins         Err      S.Err    |
|   Sum/Avg   |    503       48634    |   77.3       12.3        10.4        7.3        30.0      100.0    |
2020-11-28T03:39:07 (asr.sh:1239:main) Write wer result in exp/asr_train_asr_transformer_fbank_pitch_char/decode_asr_model_valid.acc.ave/test_dev93/score_wer/result.txt
|   SPKR      |   # Snt     # Wrd    |   Corr         Sub        Del         Ins         Err      S.Err    |
|   Sum/Avg   |    503       8234    |   35.4        59.0        5.6         9.2        73.8      100.0    |
2020-11-28T03:39:10 (asr.sh:1239:main) Write cer result in exp/asr_train_asr_transformer_fbank_pitch_char/decode_asr_model_valid.acc.ave/test_eval92/score_cer/result.txt
|   SPKR      |   # Snt      # Wrd    |   Corr         Sub        Del         Ins         Err      S.Err    |
|   Sum/Avg   |    333       33341    |   82.7         9.7        7.6         6.6        23.9       99.7    |
2020-11-28T03:39:12 (asr.sh:1239:main) Write wer result in exp/asr_train_asr_transformer_fbank_pitch_char/decode_asr_model_valid.acc.ave/test_eval92/score_wer/result.txt
|   SPKR      |   # Snt      # Wrd   |   Corr         Sub         Del         Ins        Err       S.Err    |
|   Sum/Avg   |    333        5643   |   44.6        51.1         4.2         9.4       64.7        99.7    |
<!-- Generated by scripts/utils/show_asr_result.sh -->
# RESULTS
## Environments
- date: `Sat Nov 28 03:39:46 EST 2020`
- python version: `3.7.9 (default, Aug 31 2020, 12:42:55)  [GCC 7.3.0]`
- espnet version: `espnet 0.9.5`
- pytorch version: `pytorch 1.4.0`
- Git hash: `0a6a141810ff77335978a8bc0c25a83458b56e95`
  - Commit date: `Fri Nov 13 22:01:55 2020 -0500`

## asr_train_asr_transformer_fbank_pitch_char
### WER

|dataset|Snt|Wrd|Corr|Sub|Del|Ins|Err|S.Err|
|---|---|---|---|---|---|---|---|---|
|decode_asr_model_valid.acc.ave/test_dev93|503|8234|35.4|59.0|5.6|9.2|73.8|100.0|
|decode_asr_model_valid.acc.ave/test_eval92|333|5643|44.6|51.1|4.2|9.4|64.7|99.7|

### CER

|dataset|Snt|Wrd|Corr|Sub|Del|Ins|Err|S.Err|
|---|---|---|---|---|---|---|---|---|
|decode_asr_model_valid.acc.ave/test_dev93|503|48634|77.3|12.3|10.4|7.3|30.0|100.0|
|decode_asr_model_valid.acc.ave/test_eval92|333|33341|82.7|9.7|7.6|6.6|23.9|99.7|

2020-11-28T03:39:56 (asr.sh:1340:main) Skip the uploading stages
2020-11-28T03:39:56 (asr.sh:1343:main) Successfully finished. [elapsed=20159s]
69.25
2020-11-28T04:36:27 (asr.sh:1059:main) Stage 11: Decoding: training_dir=exp/asr_train_asr_transformer_fbank_pitch_char
2020-11-28T04:36:27 (asr.sh:1084:main) Generate 'exp/asr_train_asr_transformer_fbank_pitch_char/decode_asr_model_valid.acc.ave/run.sh'. You can resume the process from stage 11 using this script
2020-11-28T04:36:28 (asr.sh:1117:main) Decoding started... log: 'exp/asr_train_asr_transformer_fbank_pitch_char/decode_asr_model_valid.acc.ave/test_dev93/logdir/asr_inference.*.log'
2020-11-28T04:48:53 (asr.sh:1117:main) Decoding started... log: 'exp/asr_train_asr_transformer_fbank_pitch_char/decode_asr_model_valid.acc.ave/test_eval92/logdir/asr_inference.*.log'
2020-11-28T04:57:45 (asr.sh:1140:main) Stage 12: Scoring
2020-11-28T04:57:51 (asr.sh:1239:main) Write cer result in exp/asr_train_asr_transformer_fbank_pitch_char/decode_asr_model_valid.acc.ave/test_dev93/score_cer/result.txt
|   SPKR      |   # Snt      # Wrd    |   Corr        Sub         Del        Ins         Err      S.Err    |
|   Sum/Avg   |    503       48634    |   75.9       13.1        11.1        7.7        31.8      100.0    |
2020-11-28T04:57:53 (asr.sh:1239:main) Write wer result in exp/asr_train_asr_transformer_fbank_pitch_char/decode_asr_model_valid.acc.ave/test_dev93/score_wer/result.txt
|   SPKR      |   # Snt     # Wrd    |   Corr         Sub        Del         Ins         Err      S.Err    |
|   Sum/Avg   |    503       8234    |   34.3        59.1        6.5        10.1        75.8      100.0    |
2020-11-28T04:57:55 (asr.sh:1239:main) Write cer result in exp/asr_train_asr_transformer_fbank_pitch_char/decode_asr_model_valid.acc.ave/test_eval92/score_cer/result.txt
|   SPKR      |   # Snt      # Wrd    |   Corr         Sub        Del         Ins         Err      S.Err    |
|   Sum/Avg   |    333       33341    |   81.6        10.0        8.4         6.9        25.2      100.0    |
2020-11-28T04:57:57 (asr.sh:1239:main) Write wer result in exp/asr_train_asr_transformer_fbank_pitch_char/decode_asr_model_valid.acc.ave/test_eval92/score_wer/result.txt
|   SPKR      |   # Snt      # Wrd   |   Corr         Sub         Del         Ins        Err       S.Err    |
|   Sum/Avg   |    333        5643   |   43.6        52.0         4.3         9.9       66.2       100.0    |
<!-- Generated by scripts/utils/show_asr_result.sh -->
# RESULTS
## Environments
- date: `Sat Nov 28 04:58:08 EST 2020`
- python version: `3.7.9 (default, Aug 31 2020, 12:42:55)  [GCC 7.3.0]`
- espnet version: `espnet 0.9.5`
- pytorch version: `pytorch 1.4.0`
- Git hash: `0a6a141810ff77335978a8bc0c25a83458b56e95`
  - Commit date: `Fri Nov 13 22:01:55 2020 -0500`

## asr_train_asr_transformer_fbank_pitch_char
### WER

|dataset|Snt|Wrd|Corr|Sub|Del|Ins|Err|S.Err|
|---|---|---|---|---|---|---|---|---|
|decode_asr_model_valid.acc.ave/test_dev93|503|8234|34.3|59.1|6.5|10.1|75.8|100.0|
|decode_asr_model_valid.acc.ave/test_eval92|333|5643|43.6|52.0|4.3|9.9|66.2|100.0|

### CER

|dataset|Snt|Wrd|Corr|Sub|Del|Ins|Err|S.Err|
|---|---|---|---|---|---|---|---|---|
|decode_asr_model_valid.acc.ave/test_dev93|503|48634|75.9|13.1|11.1|7.7|31.8|100.0|
|decode_asr_model_valid.acc.ave/test_eval92|333|33341|81.6|10.0|8.4|6.9|25.2|100.0|

2020-11-28T04:58:13 (asr.sh:1340:main) Skip the uploading stages
2020-11-28T04:58:13 (asr.sh:1343:main) Successfully finished. [elapsed=23406s]
71.0
[69.25, 71.0]
Traceback (most recent call last):
  File "cma_launcher.py", line 186, in <module>
    es.tell(attempts, toTell)
  File "/afs/cs.pitt.edu/usr0/ras306/miniconda3/envs/psinet/lib/python3.7/site-packages/cma/evolution_strategy.py", line 2849, in tell
    assert len(sampler_weights) == len(pop_zero) + 1
AssertionError
